*** Using Compiler 'V5.06 update 7 (build 960)', folder: 'D:\Program\Keil5\ARM\ARMCC\Bin'
Rebuild target 'RCC'
assembling startup_stm32f10x_hd.s...
compiling stm32f10x_crc.c...
compiling system_stm32f10x.c...
compiling stm32f10x_dac.c...
compiling misc.c...
compiling stm32f10x_bkp.c...
compiling stm32f10x_can.c...
compiling core_cm3.c...
compiling stm32f10x_dma.c...
compiling stm32f10x_dbgmcu.c...
compiling stm32f10x_cec.c...
compiling stm32f10x_adc.c...
compiling stm32f10x_exti.c...
compiling stm32f10x_fsmc.c...
compiling stm32f10x_flash.c...
compiling stm32f10x_gpio.c...
compiling stm32f10x_pwr.c...
compiling stm32f10x_iwdg.c...
compiling stm32f10x_rtc.c...
compiling stm32f10x_i2c.c...
compiling stm32f10x_rcc.c...
compiling stm32f10x_sdio.c...
compiling stm32f10x_spi.c...
compiling stm32f10x_usart.c...
compiling stm32f10x_tim.c...
compiling stm32f10x_wwdg.c...
compiling main.c...
compiling stm32f10x_it.c...
compiling bsp_clkconfig.c...
compiling bsp_mcooutput.c...
compiling bsp_delay.c...
compiling bsp_led.c...
compiling bsp_lcd1602.c...
linking...
Program Size: Code=4976 RO-data=336 RW-data=44 ZI-data=1028  
FromELF: creating hex file...
"..\..\Output\RCC.axf" - 0 Error(s), 0 Warning(s).
Build Time Elapsed:  00:00:05
